<?xml version="1.0" encoding="UTF-8"?>
<!-- Generated by org.testng.reporters.JUnitXMLReporter -->
<testsuite ignored="2" hostname="DESKTOP-C8F0LTH" failures="0" tests="2" name="Test" time="0.088" errors="0" timestamp="2021-12-07T10:35:34 IST">
  <testcase classname="TestNG.TNG1" name="TNG2" time="0.013"/>
  <testcase classname="TestNG.TNG1" name="TNG4" time="0.004"/>
  <testcase classname="TestNG.TNG1" name="TNG" time="0.0">
    <ignored/>
  </testcase> <!-- TNG -->
  <testcase classname="TestNG.TNG1" name="TNG3" time="0.0">
    <ignored/>
  </testcase> <!-- TNG3 -->
</testsuite> <!-- Test -->
